2024-05-10 04:10:22 INFO     ------------- Experiment: model BERTbase, frequency threshold 0 ---------------
2024-05-10 04:10:22 INFO     Contexts were splited into 6517 paragraphs, which are 21.869127516778523 paragraphs on average per one report. The overall paragraph average length (characters) is 253.90072119073193
2024-05-10 04:10:22 INFO     Contexts were splited into 710 paragraphs, which are 16.904761904761905 paragraphs on average per one report. The overall paragraph average length (characters) is 253.5169014084507
2024-05-10 04:10:24 INFO     Contexts were splited into 1666 paragraphs, which are 19.372093023255815 paragraphs on average per one report. The overall paragraph average length (characters) is 253.16746698679472
2024-05-10 04:11:12 INFO     datasets are converted to Datset format
Some weights of BertForQuestionAnswering were not initialized from the model checkpoint at ../models/bert-base-cased and are newly initialized: ['qa_outputs.bias', 'qa_outputs.weight']
You should probably TRAIN this model on a down-stream task to be able to use it for predictions and inference.
2024-05-10 04:12:58 INFO     training data are prepared
/home/lanz/.local/lib/python3.10/site-packages/transformers/training_args.py:1463: FutureWarning: `evaluation_strategy` is deprecated and will be removed in version 4.46 of 🤗 Transformers. Use `eval_strategy` instead
  warnings.warn(
2024-05-10 04:49:07 INFO     the model is trained
2024-05-10 05:28:05 INFO     evaluation data are prepared
2024-05-10 19:02:16 INFO     QA scores: {'exact_match': 91.74413563893839, 'f1': 97.12621067287108}
2024-05-10 19:02:16 INFO     PR scores: {'p@1': 0.9475639420066471, 'p@2': 0.9820095371128559, 'p@3': 0.990757911468619}
2024-05-10 19:02:27 INFO     PRQA scores: {'exact_match': 88.13400125234816, 'f1': 93.77792210524387}
{'loss': 0.5917, 'grad_norm': 7.3748064041137695, 'learning_rate': 2.6703296703296702e-05, 'epoch': 0.10989010989010989}
{'loss': 0.2647, 'grad_norm': 30.98818016052246, 'learning_rate': 2.3406593406593407e-05, 'epoch': 0.21978021978021978}
{'loss': 0.2168, 'grad_norm': 5.41783332824707, 'learning_rate': 2.010989010989011e-05, 'epoch': 0.32967032967032966}
{'loss': 0.1733, 'grad_norm': 0.7412769198417664, 'learning_rate': 1.6813186813186814e-05, 'epoch': 0.43956043956043955}
{'loss': 0.1497, 'grad_norm': 14.829856872558594, 'learning_rate': 1.3516483516483517e-05, 'epoch': 0.5494505494505495}
{'loss': 0.1253, 'grad_norm': 0.704962968826294, 'learning_rate': 1.021978021978022e-05, 'epoch': 0.6593406593406593}
{'loss': 0.1139, 'grad_norm': 5.876821517944336, 'learning_rate': 6.923076923076923e-06, 'epoch': 0.7692307692307693}
{'loss': 0.1094, 'grad_norm': 4.084354400634766, 'learning_rate': 3.6263736263736266e-06, 'epoch': 0.8791208791208791}
{'loss': 0.0908, 'grad_norm': 14.910561561584473, 'learning_rate': 3.296703296703297e-07, 'epoch': 0.989010989010989}
{'eval_loss': 0.38628169894218445, 'eval_runtime': 952.6446, 'eval_samples_per_second': 180.798, 'eval_steps_per_second': 0.706, 'epoch': 1.0}
{'train_runtime': 2167.601, 'train_samples_per_second': 33.579, 'train_steps_per_second': 2.099, 'train_loss': 0.2025146092425336, 'epoch': 1.0}
Post-processing 4927331 example predictions split into 4927331 features.
{
    "0": {
        "QA": {
            "exact_match": 91.74413563893839,
            "f1": 97.12621067287108
        },
        "PR": {
            "p@1": 0.9475639420066471,
            "p@2": 0.9820095371128559,
            "p@3": 0.990757911468619
        },
        "PRQA": {
            "exact_match": 88.13400125234816,
            "f1": 93.77792210524387
        }
    }
}
slurmstepd: error: common_file_write_uint32s: write pid 1209211 to /sys/fs/cgroup/cgroup.procs failed: Device or resource busy
slurmstepd: error: Unable to move pid 1209211 to init root cgroup /sys/fs/cgroup
slurmstepd: error: error unlocking cgroup '/sys/fs/cgroup/system.slice/slurmstepd.scope' : Bad file descriptor
