2024-05-12 23:47:29 INFO     ------------- Experiment: model BERTbase, frequency threshold 0 ---------------
2024-05-12 23:47:30 INFO     Contexts were splited into 3546 paragraphs, which are 19.37704918032787 paragraphs on average per one report. The overall paragraph average length (characters) is 339.3330513254371
2024-05-12 23:47:30 INFO     Contexts were splited into 532 paragraphs, which are 20.46153846153846 paragraphs on average per one report. The overall paragraph average length (characters) is 340.4398496240602
2024-05-12 23:47:31 INFO     Contexts were splited into 1002 paragraphs, which are 18.90566037735849 paragraphs on average per one report. The overall paragraph average length (characters) is 338.3053892215569
2024-05-12 23:47:42 INFO     datasets are converted to Datset format
Some weights of BertForQuestionAnswering were not initialized from the model checkpoint at ../models/bert-base-cased and are newly initialized: ['qa_outputs.bias', 'qa_outputs.weight']
You should probably TRAIN this model on a down-stream task to be able to use it for predictions and inference.
2024-05-12 23:48:59 INFO     training data are prepared
/home/lanz/.local/lib/python3.10/site-packages/transformers/training_args.py:1463: FutureWarning: `evaluation_strategy` is deprecated and will be removed in version 4.46 of 🤗 Transformers. Use `eval_strategy` instead
  warnings.warn(
2024-05-13 00:11:14 INFO     the model is trained
2024-05-13 00:19:46 INFO     evaluation data are prepared
2024-05-13 02:58:24 INFO     QA scores: {'exact_match': 34.154460719041275, 'f1': 75.45687122834974}
2024-05-13 02:58:24 INFO     PR scores: {'p@1': 0.7937159056741548, 'p@2': 0.9346248013401486, 'p@3': 0.9692238305914694}
2024-05-13 02:58:27 INFO     PRQA scores: {'exact_match': 29.418839396933123, 'f1': 66.10173816561826}
{'loss': 1.7265, 'grad_norm': 17.12649154663086, 'learning_rate': 2.637243047158404e-05, 'epoch': 0.12091898428053205}
{'loss': 1.1027, 'grad_norm': 12.737195014953613, 'learning_rate': 2.2744860943168077e-05, 'epoch': 0.2418379685610641}
{'loss': 0.8964, 'grad_norm': 16.65349578857422, 'learning_rate': 1.9117291414752115e-05, 'epoch': 0.36275695284159615}
{'loss': 0.7229, 'grad_norm': 18.145889282226562, 'learning_rate': 1.5489721886336156e-05, 'epoch': 0.4836759371221282}
{'loss': 0.5774, 'grad_norm': 7.696286201477051, 'learning_rate': 1.1862152357920194e-05, 'epoch': 0.6045949214026602}
{'loss': 0.4854, 'grad_norm': 16.78780746459961, 'learning_rate': 8.234582829504234e-06, 'epoch': 0.7255139056831923}
{'loss': 0.444, 'grad_norm': 17.168994903564453, 'learning_rate': 4.607013301088271e-06, 'epoch': 0.8464328899637243}
{'loss': 0.3871, 'grad_norm': 17.3048152923584, 'learning_rate': 9.794437726723096e-07, 'epoch': 0.9673518742442564}
{'eval_loss': 1.7254765033721924, 'eval_runtime': 236.2389, 'eval_samples_per_second': 181.74, 'eval_steps_per_second': 0.711, 'epoch': 1.0}
{'train_runtime': 1334.4384, 'train_samples_per_second': 49.57, 'train_steps_per_second': 3.099, 'train_loss': 0.7792821199170336, 'epoch': 1.0}
Post-processing 982965 example predictions split into 982965 features.
{
    "0": {
        "QA": {
            "exact_match": 34.154460719041275,
            "f1": 75.45687122834974
        },
        "PR": {
            "p@1": 0.7937159056741548,
            "p@2": 0.9346248013401486,
            "p@3": 0.9692238305914694
        },
        "PRQA": {
            "exact_match": 29.418839396933123,
            "f1": 66.10173816561826
        }
    }
}
slurmstepd: error: common_file_write_uint32s: write pid 3235677 to /sys/fs/cgroup/cgroup.procs failed: Device or resource busy
slurmstepd: error: Unable to move pid 3235677 to init root cgroup /sys/fs/cgroup
slurmstepd: error: error unlocking cgroup '/sys/fs/cgroup/system.slice/slurmstepd.scope' : Bad file descriptor
