2024-05-09 16:48:34 INFO     ------------- Experiment: model ClinicalBERT, frequency threshold 68 ---------------
2024-05-09 16:48:34 INFO     Contexts were splited into 2489 paragraphs, which are 8.35234899328859 paragraphs on average per one report. The overall paragraph average length (characters) is 664.7934913619928
2024-05-09 16:48:34 INFO     Contexts were splited into 272 paragraphs, which are 6.476190476190476 paragraphs on average per one report. The overall paragraph average length (characters) is 661.7536764705883
2024-05-09 16:48:35 INFO     Contexts were splited into 637 paragraphs, which are 7.406976744186046 paragraphs on average per one report. The overall paragraph average length (characters) is 662.1302982731554
2024-05-09 16:49:01 INFO     datasets are converted to Datset format
Some weights of BertForQuestionAnswering were not initialized from the model checkpoint at ../models/Bio_ClinicalBERT and are newly initialized: ['qa_outputs.bias', 'qa_outputs.weight']
You should probably TRAIN this model on a down-stream task to be able to use it for predictions and inference.
2024-05-09 16:51:22 INFO     training data are prepared
/home/lanz/.local/lib/python3.10/site-packages/transformers/training_args.py:1463: FutureWarning: `evaluation_strategy` is deprecated and will be removed in version 4.46 of 🤗 Transformers. Use `eval_strategy` instead
  warnings.warn(
2024-05-09 17:26:48 INFO     the model is trained
2024-05-09 17:50:38 INFO     evaluation data are prepared
2024-05-09 23:06:42 INFO     QA scores: {'exact_match': 92.91941621309185, 'f1': 98.00315584190892}
2024-05-09 23:06:43 INFO     PR scores: {'p@1': 0.9806367708684552, 'p@2': 0.9966282934348056, 'p@3': 0.9988018399884399}
2024-05-09 23:06:53 INFO     PRQA scores: {'exact_match': 91.26607581523048, 'f1': 96.61841754931321}
{'loss': 0.6587, 'grad_norm': 12.603796005249023, 'learning_rate': 2.6653279785809908e-05, 'epoch': 0.11155734047300313}
{'loss': 0.221, 'grad_norm': 6.696012020111084, 'learning_rate': 2.330655957161981e-05, 'epoch': 0.22311468094600626}
{'loss': 0.1776, 'grad_norm': 8.092809677124023, 'learning_rate': 1.9959839357429718e-05, 'epoch': 0.33467202141900937}
{'loss': 0.146, 'grad_norm': 0.29620617628097534, 'learning_rate': 1.6613119143239628e-05, 'epoch': 0.4462293618920125}
{'loss': 0.1346, 'grad_norm': 0.06653615087270737, 'learning_rate': 1.3266398929049533e-05, 'epoch': 0.5577867023650156}
{'loss': 0.1181, 'grad_norm': 0.9280242323875427, 'learning_rate': 9.919678714859438e-06, 'epoch': 0.6693440428380187}
{'loss': 0.0941, 'grad_norm': 0.06187766417860985, 'learning_rate': 6.572958500669344e-06, 'epoch': 0.7809013833110219}
{'loss': 0.0858, 'grad_norm': 0.986487090587616, 'learning_rate': 3.2262382864792503e-06, 'epoch': 0.892458723784025}
{'eval_loss': 0.2896380126476288, 'eval_runtime': 928.1966, 'eval_samples_per_second': 181.894, 'eval_steps_per_second': 0.711, 'epoch': 1.0}
{'train_runtime': 2124.7562, 'train_samples_per_second': 33.751, 'train_steps_per_second': 2.109, 'train_loss': 0.1910041466933816, 'epoch': 1.0}
Post-processing 1880518 example predictions split into 1887460 features.
{
    "68": {
        "QA": {
            "exact_match": 92.91941621309185,
            "f1": 98.00315584190892
        },
        "PR": {
            "p@1": 0.9806367708684552,
            "p@2": 0.9966282934348056,
            "p@3": 0.9988018399884399
        },
        "PRQA": {
            "exact_match": 91.26607581523048,
            "f1": 96.61841754931321
        }
    }
}
slurmstepd: error: common_file_write_uint32s: write pid 1207183 to /sys/fs/cgroup/cgroup.procs failed: Device or resource busy
slurmstepd: error: Unable to move pid 1207183 to init root cgroup /sys/fs/cgroup
slurmstepd: error: error unlocking cgroup '/sys/fs/cgroup/system.slice/slurmstepd.scope' : Bad file descriptor
