2024-05-07 12:55:23 INFO     ------------- Experiment: model BERTbase, frequency threshold 89 ---------------
2024-05-07 12:55:24 INFO     Contexts were splited into 4977 sentence groups, which are 27.19672131147541 groups on average per one report
2024-05-07 12:55:25 INFO     Contexts were splited into 980 paragraphs, which are 5.355191256830601 paragraphs on average per one report. There are 6 unique topics with frequency threshold (greater or equal) 89. The overall paragraph average length (characters) is 1245.9469387755103
2024-05-07 12:55:25 INFO     Contexts were splited into 818 sentence groups, which are 31.46153846153846 groups on average per one report
2024-05-07 12:55:25 INFO     Contexts were splited into 110 paragraphs, which are 4.230769230769231 paragraphs on average per one report. There are 6 unique topics with frequency threshold (greater or equal) 89. The overall paragraph average length (characters) is 1665.9727272727273
2024-05-07 12:55:26 INFO     Contexts were splited into 1362 sentence groups, which are 25.69811320754717 groups on average per one report
2024-05-07 12:55:27 WARNING  The evidenc 'CEFPODOXIME PROXETIL 200 MG PO BID X 16 doses
Food/Drug Interaction Instruction Give with meals
' is in wrong format and it does not occure in the paragraph 'POTENTIALLY SERIOUS INTERACTION: WARFARIN &amp; SIMVASTATIN
Reason for override: already tolerated , home medication ,
aware
CEFPODOXIME PROXETIL 200 MG PO BID X 16 doses
Starting Today ( 6/25 ) HOLD IF: rash
Food/Drug Interaction Instruction Give with meals
Alert overridden: Override added on 11/4/05 by :
on order for CEFPODOXIME PROXETIL PO ( ref # 703442345 )
Pt. has a POSSIBLE allergy to Penicillins; reaction is
RASH. Reason for override: cannot tolerate floroquinolones
and needs gram neg coverage. has
tolerated cefalosporins well in the past.
'
2024-05-07 12:55:27 INFO     Contexts were splited into 274 paragraphs, which are 5.169811320754717 paragraphs on average per one report. There are 6 unique topics with frequency threshold (greater or equal) 89. The overall paragraph average length (characters) is 1254.7773722627737
2024-05-07 12:55:36 INFO     datasets are converted to Datset format
Some weights of BertForQuestionAnswering were not initialized from the model checkpoint at ../models/bert-base-cased and are newly initialized: ['qa_outputs.bias', 'qa_outputs.weight']
You should probably TRAIN this model on a down-stream task to be able to use it for predictions and inference.
2024-05-07 12:59:24 INFO     training data are prepared
/home/lanz/.local/lib/python3.10/site-packages/transformers/training_args.py:1463: FutureWarning: `evaluation_strategy` is deprecated and will be removed in version 4.46 of 🤗 Transformers. Use `eval_strategy` instead
  warnings.warn(
