2024-05-10 04:54:46 INFO     ------------- Experiment: model BERTbase, frequency threshold 68 ---------------
2024-05-10 04:54:46 INFO     Contexts were splited into 19795 sentence groups, which are 66.4261744966443 groups on average per one report
2024-05-10 04:54:46 INFO     Contexts were splited into 2531 paragraphs, which are 8.493288590604028 paragraphs on average per one report. There are 20 unique topics with frequency threshold (greater or equal) 68. The overall paragraph average length (characters) is 666.8893717898064
2024-05-10 04:54:46 INFO     Contexts were splited into 2264 sentence groups, which are 53.904761904761905 groups on average per one report
2024-05-10 04:54:46 INFO     Contexts were splited into 285 paragraphs, which are 6.785714285714286 paragraphs on average per one report. There are 20 unique topics with frequency threshold (greater or equal) 68. The overall paragraph average length (characters) is 644.4491228070175
2024-05-10 04:54:47 INFO     Contexts were splited into 4992 sentence groups, which are 58.04651162790697 groups on average per one report
2024-05-10 04:54:47 INFO     Contexts were splited into 644 paragraphs, which are 7.488372093023256 paragraphs on average per one report. There are 20 unique topics with frequency threshold (greater or equal) 68. The overall paragraph average length (characters) is 668.2282608695652
2024-05-10 04:55:25 INFO     datasets are converted to Datset format
Some weights of BertForQuestionAnswering were not initialized from the model checkpoint at ../models/bert-base-cased and are newly initialized: ['qa_outputs.bias', 'qa_outputs.weight']
You should probably TRAIN this model on a down-stream task to be able to use it for predictions and inference.
2024-05-10 05:02:56 INFO     training data are prepared
/home/lanz/.local/lib/python3.10/site-packages/transformers/training_args.py:1463: FutureWarning: `evaluation_strategy` is deprecated and will be removed in version 4.46 of 🤗 Transformers. Use `eval_strategy` instead
  warnings.warn(
2024-05-10 07:00:11 INFO     the model is trained
2024-05-10 07:28:49 INFO     evaluation data are prepared
2024-05-10 14:11:05 INFO     QA scores: {'exact_match': 90.28226000674341, 'f1': 95.84089505829805}
2024-05-10 14:11:05 INFO     PR scores: {'p@1': 0.9845804633688165, 'p@2': 0.997128028515004, 'p@3': 0.998940320793796}
2024-05-10 14:11:15 INFO     PRQA scores: {'exact_match': 89.21294735321035, 'f1': 94.90019796325936}
{'loss': 0.6509, 'grad_norm': 13.863070487976074, 'learning_rate': 2.898894580749528e-05, 'epoch': 0.033701806416823944}
{'loss': 0.3076, 'grad_norm': 19.717037200927734, 'learning_rate': 2.7977891614990562e-05, 'epoch': 0.06740361283364789}
{'loss': 0.2705, 'grad_norm': 3.918696403503418, 'learning_rate': 2.6966837422485847e-05, 'epoch': 0.10110541925047183}
{'loss': 0.2254, 'grad_norm': 8.277438163757324, 'learning_rate': 2.5955783229981127e-05, 'epoch': 0.13480722566729578}
{'loss': 0.2095, 'grad_norm': 1.5953235626220703, 'learning_rate': 2.4944729037476408e-05, 'epoch': 0.16850903208411971}
{'loss': 0.1944, 'grad_norm': 1.0846467018127441, 'learning_rate': 2.393367484497169e-05, 'epoch': 0.20221083850094365}
{'loss': 0.1836, 'grad_norm': 1.2263072729110718, 'learning_rate': 2.292262065246697e-05, 'epoch': 0.2359126449177676}
{'loss': 0.1684, 'grad_norm': 4.072367191314697, 'learning_rate': 2.1911566459962254e-05, 'epoch': 0.26961445133459155}
{'loss': 0.168, 'grad_norm': 0.46587541699409485, 'learning_rate': 2.0900512267457538e-05, 'epoch': 0.30331625775141546}
{'loss': 0.1624, 'grad_norm': 2.3413736820220947, 'learning_rate': 1.988945807495282e-05, 'epoch': 0.33701806416823943}
{'loss': 0.1535, 'grad_norm': 2.610276699066162, 'learning_rate': 1.88784038824481e-05, 'epoch': 0.37071987058506334}
{'loss': 0.1527, 'grad_norm': 16.586965560913086, 'learning_rate': 1.7867349689943384e-05, 'epoch': 0.4044216770018873}
{'loss': 0.1313, 'grad_norm': 4.813595294952393, 'learning_rate': 1.6856295497438665e-05, 'epoch': 0.43812348341871127}
{'loss': 0.1209, 'grad_norm': 16.696395874023438, 'learning_rate': 1.5845241304933946e-05, 'epoch': 0.4718252898355352}
{'loss': 0.1249, 'grad_norm': 19.192062377929688, 'learning_rate': 1.4834187112429226e-05, 'epoch': 0.5055270962523591}
{'loss': 0.1146, 'grad_norm': 1.5084236860275269, 'learning_rate': 1.3823132919924509e-05, 'epoch': 0.5392289026691831}
{'loss': 0.1146, 'grad_norm': 0.952287495136261, 'learning_rate': 1.281207872741979e-05, 'epoch': 0.572930709086007}
{'loss': 0.1159, 'grad_norm': 0.08823774755001068, 'learning_rate': 1.1801024534915072e-05, 'epoch': 0.6066325155028309}
{'loss': 0.1019, 'grad_norm': 0.6167072653770447, 'learning_rate': 1.0789970342410353e-05, 'epoch': 0.6403343219196549}
{'loss': 0.1031, 'grad_norm': 4.959274768829346, 'learning_rate': 9.778916149905634e-06, 'epoch': 0.6740361283364789}
{'loss': 0.0942, 'grad_norm': 0.10809261351823807, 'learning_rate': 8.767861957400918e-06, 'epoch': 0.7077379347533028}
{'loss': 0.0967, 'grad_norm': 0.3111494183540344, 'learning_rate': 7.756807764896199e-06, 'epoch': 0.7414397411701267}
{'loss': 0.0814, 'grad_norm': 0.02716486155986786, 'learning_rate': 6.74575357239148e-06, 'epoch': 0.7751415475869506}
{'loss': 0.0816, 'grad_norm': 13.364121437072754, 'learning_rate': 5.734699379886762e-06, 'epoch': 0.8088433540037746}
{'loss': 0.0783, 'grad_norm': 16.59941291809082, 'learning_rate': 4.723645187382044e-06, 'epoch': 0.8425451604205986}
{'loss': 0.0708, 'grad_norm': 0.016602495685219765, 'learning_rate': 3.712590994877326e-06, 'epoch': 0.8762469668374225}
{'loss': 0.072, 'grad_norm': 13.202958106994629, 'learning_rate': 2.701536802372607e-06, 'epoch': 0.9099487732542464}
{'loss': 0.0718, 'grad_norm': 0.5208225846290588, 'learning_rate': 1.6904826098678889e-06, 'epoch': 0.9436505796710704}
{'loss': 0.0701, 'grad_norm': 0.7126399278640747, 'learning_rate': 6.794284173631707e-07, 'epoch': 0.9773523860878943}
{'eval_loss': 0.31795230507850647, 'eval_runtime': 3039.7227, 'eval_samples_per_second': 179.447, 'eval_steps_per_second': 0.701, 'epoch': 1.0}
{'train_runtime': 7033.3973, 'train_samples_per_second': 33.748, 'train_steps_per_second': 2.109, 'train_loss': 0.15314843436719658, 'epoch': 1.0}
Post-processing 1406408 example predictions split into 2410165 features.
{
    "68": {
        "QA": {
            "exact_match": 90.28226000674341,
            "f1": 95.84089505829805
        },
        "PR": {
            "p@1": 0.9845804633688165,
            "p@2": 0.997128028515004,
            "p@3": 0.998940320793796
        },
        "PRQA": {
            "exact_match": 89.21294735321035,
            "f1": 94.90019796325936
        }
    }
}
slurmstepd: error: common_file_write_uint32s: write pid 2742761 to /sys/fs/cgroup/cgroup.procs failed: Device or resource busy
slurmstepd: error: Unable to move pid 2742761 to init root cgroup /sys/fs/cgroup
slurmstepd: error: error unlocking cgroup '/sys/fs/cgroup/system.slice/slurmstepd.scope' : Bad file descriptor
