2024-05-11 12:22:39 INFO     ------------- Experiment: model ClinicalBERT, frequency threshold 66 ---------------
2024-05-11 12:22:39 INFO     Contexts were splited into 4977 sentence groups, which are 27.19672131147541 groups on average per one report
2024-05-11 12:22:40 INFO     Contexts were splited into 1950 paragraphs, which are 10.655737704918034 paragraphs on average per one report. There are 19 unique topics with frequency threshold (greater or equal) 66. The overall paragraph average length (characters) is 626.1682051282052
2024-05-11 12:22:40 INFO     Contexts were splited into 818 sentence groups, which are 31.46153846153846 groups on average per one report
2024-05-11 12:22:41 INFO     Contexts were splited into 229 paragraphs, which are 8.807692307692308 paragraphs on average per one report. There are 19 unique topics with frequency threshold (greater or equal) 66. The overall paragraph average length (characters) is 800.2489082969432
2024-05-11 12:22:41 INFO     Contexts were splited into 1362 sentence groups, which are 25.69811320754717 groups on average per one report
2024-05-11 12:22:42 WARNING  The evidenc 'CEFPODOXIME PROXETIL 200 MG PO BID X 16 doses
Food/Drug Interaction Instruction Give with meals
' is in wrong format and it does not occure in the paragraph 'POTENTIALLY SERIOUS INTERACTION: WARFARIN &amp; SIMVASTATIN
Reason for override: already tolerated , home medication ,
aware
CEFPODOXIME PROXETIL 200 MG PO BID X 16 doses
Starting Today ( 6/25 ) HOLD IF: rash
Food/Drug Interaction Instruction Give with meals
Alert overridden: Override added on 11/4/05 by :
on order for CEFPODOXIME PROXETIL PO ( ref # 703442345 )
Pt. has a POSSIBLE allergy to Penicillins; reaction is
RASH. Reason for override: cannot tolerate floroquinolones
and needs gram neg coverage. has
tolerated cefalosporins well in the past.
'
2024-05-11 12:22:42 INFO     Contexts were splited into 555 paragraphs, which are 10.471698113207546 paragraphs on average per one report. There are 19 unique topics with frequency threshold (greater or equal) 66. The overall paragraph average length (characters) is 619.4756756756757
2024-05-11 12:22:52 INFO     datasets are converted to Datset format
Some weights of BertForQuestionAnswering were not initialized from the model checkpoint at ../models/Bio_ClinicalBERT and are newly initialized: ['qa_outputs.bias', 'qa_outputs.weight']
You should probably TRAIN this model on a down-stream task to be able to use it for predictions and inference.
2024-05-11 12:25:14 INFO     training data are prepared
/home/lanz/.local/lib/python3.10/site-packages/transformers/training_args.py:1463: FutureWarning: `evaluation_strategy` is deprecated and will be removed in version 4.46 of 🤗 Transformers. Use `eval_strategy` instead
  warnings.warn(
2024-05-11 13:13:08 INFO     the model is trained
2024-05-11 13:20:14 INFO     evaluation data are prepared
2024-05-11 15:08:12 INFO     QA scores: {'exact_match': 30.118981143421674, 'f1': 72.29292368424167}
2024-05-11 15:08:12 INFO     PR scores: {'p@1': 0.9193977921910571, 'p@2': 0.9852454791460847, 'p@3': 0.9986469653365405}
2024-05-11 15:08:15 INFO     PRQA scores: {'exact_match': 28.821786005755765, 'f1': 69.24764388717283}
{'loss': 1.3198, 'grad_norm': 8.102503776550293, 'learning_rate': 2.8258244310264747e-05, 'epoch': 0.0580585229911751}
{'loss': 0.8229, 'grad_norm': 13.707222938537598, 'learning_rate': 2.6516488620529496e-05, 'epoch': 0.1161170459823502}
{'loss': 0.7032, 'grad_norm': 22.62540054321289, 'learning_rate': 2.4774732930794242e-05, 'epoch': 0.17417556897352532}
{'loss': 0.6171, 'grad_norm': 6.536898612976074, 'learning_rate': 2.3032977241058985e-05, 'epoch': 0.2322340919647004}
{'loss': 0.5722, 'grad_norm': 6.924890041351318, 'learning_rate': 2.1291221551323735e-05, 'epoch': 0.29029261495587555}
{'loss': 0.5218, 'grad_norm': 8.797371864318848, 'learning_rate': 1.954946586158848e-05, 'epoch': 0.34835113794705064}
{'loss': 0.4563, 'grad_norm': 11.816474914550781, 'learning_rate': 1.780771017185323e-05, 'epoch': 0.4064096609382257}
{'loss': 0.4006, 'grad_norm': 15.632413864135742, 'learning_rate': 1.6065954482117976e-05, 'epoch': 0.4644681839294008}
{'loss': 0.4007, 'grad_norm': 21.668323516845703, 'learning_rate': 1.4324198792382722e-05, 'epoch': 0.5225267069205759}
{'loss': 0.339, 'grad_norm': 13.672178268432617, 'learning_rate': 1.2582443102647468e-05, 'epoch': 0.5805852299117511}
{'loss': 0.3052, 'grad_norm': 1.972116470336914, 'learning_rate': 1.0840687412912216e-05, 'epoch': 0.6386437529029262}
{'loss': 0.3162, 'grad_norm': 13.626080513000488, 'learning_rate': 9.098931723176962e-06, 'epoch': 0.6967022758941013}
{'loss': 0.2823, 'grad_norm': 7.637971878051758, 'learning_rate': 7.357176033441709e-06, 'epoch': 0.7547607988852764}
{'loss': 0.2602, 'grad_norm': 5.3623127937316895, 'learning_rate': 5.615420343706456e-06, 'epoch': 0.8128193218764515}
{'loss': 0.2547, 'grad_norm': 3.917057752609253, 'learning_rate': 3.873664653971203e-06, 'epoch': 0.8708778448676265}
{'loss': 0.2381, 'grad_norm': 13.37761116027832, 'learning_rate': 2.13190896423595e-06, 'epoch': 0.9289363678588016}
{'loss': 0.2466, 'grad_norm': 0.16297359764575958, 'learning_rate': 3.9015327450069674e-07, 'epoch': 0.9869948908499768}
{'eval_loss': 1.114013433456421, 'eval_runtime': 557.9643, 'eval_samples_per_second': 179.479, 'eval_steps_per_second': 0.703, 'epoch': 1.0}
{'train_runtime': 2873.1228, 'train_samples_per_second': 47.954, 'train_steps_per_second': 2.997, 'train_loss': 0.47059862745456016, 'epoch': 1.0}
Post-processing 494814 example predictions split into 655321 features.
{
    "66": {
        "QA": {
            "exact_match": 30.118981143421674,
            "f1": 72.29292368424167
        },
        "PR": {
            "p@1": 0.9193977921910571,
            "p@2": 0.9852454791460847,
            "p@3": 0.9986469653365405
        },
        "PRQA": {
            "exact_match": 28.821786005755765,
            "f1": 69.24764388717283
        }
    }
}
slurmstepd: error: common_file_write_uint32s: write pid 2749996 to /sys/fs/cgroup/cgroup.procs failed: Device or resource busy
slurmstepd: error: Unable to move pid 2749996 to init root cgroup /sys/fs/cgroup
slurmstepd: error: error unlocking cgroup '/sys/fs/cgroup/system.slice/slurmstepd.scope' : Bad file descriptor
