2024-05-07 16:05:48 INFO     ------------- Experiment: model BERTbase, frequency threshold 66 ---------------
2024-05-07 16:05:48 INFO     Contexts were splited into 1917 paragraphs, which are 10.475409836065573 paragraphs on average per one report. The overall paragraph average length (characters) is 627.6864893062076
2024-05-07 16:05:48 INFO     Contexts were splited into 289 paragraphs, which are 11.115384615384615 paragraphs on average per one report. The overall paragraph average length (characters) is 626.6920415224913
2024-05-07 16:05:49 INFO     Contexts were splited into 545 paragraphs, which are 10.283018867924529 paragraphs on average per one report. The overall paragraph average length (characters) is 621.9853211009174
2024-05-07 16:05:58 INFO     datasets are converted to Datset format
Some weights of BertForQuestionAnswering were not initialized from the model checkpoint at ../models/bert-base-cased and are newly initialized: ['qa_outputs.bias', 'qa_outputs.weight']
You should probably TRAIN this model on a down-stream task to be able to use it for predictions and inference.
2024-05-07 16:07:06 INFO     training data are prepared
/home/lanz/.local/lib/python3.10/site-packages/transformers/training_args.py:1463: FutureWarning: `evaluation_strategy` is deprecated and will be removed in version 4.46 of 🤗 Transformers. Use `eval_strategy` instead
  warnings.warn(
2024-05-07 16:29:27 INFO     the model is trained
2024-05-07 16:35:23 INFO     evaluation data are prepared
2024-05-07 18:04:57 INFO     QA scores: {'exact_match': 30.675228727288346, 'f1': 73.2454198736451}
2024-05-07 18:04:57 INFO     PR scores: {'p@1': 0.8446802113311284, 'p@2': 0.9580774021734462, 'p@3': 0.9842790258150423}
2024-05-07 18:05:00 INFO     PRQA scores: {'exact_match': 28.13882565181908, 'f1': 66.85512124808628}
{'loss': 1.9608, 'grad_norm': 15.512056350708008, 'learning_rate': 2.6362754607177498e-05, 'epoch': 0.12124151309408342}
{'loss': 1.2834, 'grad_norm': 11.06889820098877, 'learning_rate': 2.2725509214354995e-05, 'epoch': 0.24248302618816683}
{'loss': 1.0067, 'grad_norm': 28.92606544494629, 'learning_rate': 1.9088263821532492e-05, 'epoch': 0.36372453928225024}
{'loss': 0.8142, 'grad_norm': 81.04706573486328, 'learning_rate': 1.5451018428709993e-05, 'epoch': 0.48496605237633367}
{'loss': 0.7055, 'grad_norm': 27.776409149169922, 'learning_rate': 1.1813773035887488e-05, 'epoch': 0.6062075654704171}
{'loss': 0.5963, 'grad_norm': 9.451250076293945, 'learning_rate': 8.176527643064985e-06, 'epoch': 0.7274490785645005}
{'loss': 0.5136, 'grad_norm': 12.44482421875, 'learning_rate': 4.539282250242483e-06, 'epoch': 0.8486905916585838}
{'loss': 0.4815, 'grad_norm': 17.23615264892578, 'learning_rate': 9.020368574199806e-07, 'epoch': 0.9699321047526673}
{'eval_loss': 1.8692731857299805, 'eval_runtime': 235.79, 'eval_samples_per_second': 180.58, 'eval_steps_per_second': 0.708, 'epoch': 1.0}
{'train_runtime': 1340.1609, 'train_samples_per_second': 49.227, 'train_steps_per_second': 3.077, 'train_loss': 0.9070492281021133, 'epoch': 1.0}
Post-processing 534940 example predictions split into 534940 features.
{
    "66": {
        "QA": {
            "exact_match": 30.675228727288346,
            "f1": 73.2454198736451
        },
        "PR": {
            "p@1": 0.8446802113311284,
            "p@2": 0.9580774021734462,
            "p@3": 0.9842790258150423
        },
        "PRQA": {
            "exact_match": 28.13882565181908,
            "f1": 66.85512124808628
        }
    }
}
slurmstepd: error: common_file_write_uint32s: write pid 1199867 to /sys/fs/cgroup/cgroup.procs failed: Device or resource busy
slurmstepd: error: Unable to move pid 1199867 to init root cgroup /sys/fs/cgroup
slurmstepd: error: error unlocking cgroup '/sys/fs/cgroup/system.slice/slurmstepd.scope' : Bad file descriptor
