2024-05-12 22:15:02 INFO     ------------- Experiment: model BERTbase, frequency threshold 0 ---------------
2024-05-12 22:15:02 INFO     Contexts were splited into 3546 paragraphs, which are 19.37704918032787 paragraphs on average per one report. The overall paragraph average length (characters) is 339.3330513254371
2024-05-12 22:15:03 INFO     Contexts were splited into 532 paragraphs, which are 20.46153846153846 paragraphs on average per one report. The overall paragraph average length (characters) is 340.4398496240602
2024-05-12 22:15:03 INFO     Contexts were splited into 1002 paragraphs, which are 18.90566037735849 paragraphs on average per one report. The overall paragraph average length (characters) is 338.3053892215569
2024-05-12 22:15:15 INFO     datasets are converted to Datset format
Some weights of BertForQuestionAnswering were not initialized from the model checkpoint at ../models/bert-base-cased and are newly initialized: ['qa_outputs.bias', 'qa_outputs.weight']
You should probably TRAIN this model on a down-stream task to be able to use it for predictions and inference.
2024-05-12 22:16:13 INFO     training data are prepared
/home/lanz/.local/lib/python3.10/site-packages/transformers/training_args.py:1463: FutureWarning: `evaluation_strategy` is deprecated and will be removed in version 4.46 of 🤗 Transformers. Use `eval_strategy` instead
  warnings.warn(
2024-05-12 22:38:35 INFO     the model is trained
2024-05-12 22:47:15 INFO     evaluation data are prepared
2024-05-13 01:25:31 INFO     QA scores: {'exact_match': 33.22881319530948, 'f1': 75.28525289975806}
2024-05-13 01:25:31 INFO     PR scores: {'p@1': 0.7919762896782784, 'p@2': 0.9319831622352992, 'p@3': 0.9707701559211374}
2024-05-13 01:25:34 INFO     PRQA scores: {'exact_match': 29.311455693483957, 'f1': 65.98435922370138}
{'loss': 1.7341, 'grad_norm': 12.52885627746582, 'learning_rate': 2.6382927417410177e-05, 'epoch': 0.12056908608632746}
{'loss': 1.1287, 'grad_norm': 9.85817813873291, 'learning_rate': 2.276585483482035e-05, 'epoch': 0.24113817217265493}
{'loss': 0.896, 'grad_norm': 8.576961517333984, 'learning_rate': 1.9148782252230528e-05, 'epoch': 0.3617072582589824}
{'loss': 0.7228, 'grad_norm': 10.461291313171387, 'learning_rate': 1.5531709669640704e-05, 'epoch': 0.48227634434530986}
{'loss': 0.6015, 'grad_norm': 18.319089889526367, 'learning_rate': 1.191463708705088e-05, 'epoch': 0.6028454304316373}
{'loss': 0.5175, 'grad_norm': 16.65752410888672, 'learning_rate': 8.297564504461056e-06, 'epoch': 0.7234145165179648}
{'loss': 0.4406, 'grad_norm': 16.430051803588867, 'learning_rate': 4.680491921871233e-06, 'epoch': 0.8439836026042923}
{'loss': 0.401, 'grad_norm': 14.907001495361328, 'learning_rate': 1.0634193392814083e-06, 'epoch': 0.9645526886906197}
{'eval_loss': 1.6756844520568848, 'eval_runtime': 237.1438, 'eval_samples_per_second': 181.046, 'eval_steps_per_second': 0.708, 'epoch': 1.0}
{'train_runtime': 1340.7674, 'train_samples_per_second': 49.478, 'train_steps_per_second': 3.093, 'train_loss': 0.7901100865150895, 'epoch': 1.0}
Post-processing 982965 example predictions split into 982965 features.
{
    "0": {
        "QA": {
            "exact_match": 33.22881319530948,
            "f1": 75.28525289975806
        },
        "PR": {
            "p@1": 0.7919762896782784,
            "p@2": 0.9319831622352992,
            "p@3": 0.9707701559211374
        },
        "PRQA": {
            "exact_match": 29.311455693483957,
            "f1": 65.98435922370138
        }
    }
}
slurmstepd: error: common_file_write_uint32s: write pid 719551 to /sys/fs/cgroup/cgroup.procs failed: Device or resource busy
slurmstepd: error: Unable to move pid 719551 to init root cgroup /sys/fs/cgroup
slurmstepd: error: error unlocking cgroup '/sys/fs/cgroup/system.slice/slurmstepd.scope' : Bad file descriptor
