2024-05-12 22:13:30 INFO     ------------- Experiment: model BERTbase, frequency threshold 66 ---------------
2024-05-12 22:13:30 INFO     Contexts were splited into 1917 paragraphs, which are 10.475409836065573 paragraphs on average per one report. The overall paragraph average length (characters) is 627.6864893062076
2024-05-12 22:13:30 INFO     Contexts were splited into 289 paragraphs, which are 11.115384615384615 paragraphs on average per one report. The overall paragraph average length (characters) is 626.6920415224913
2024-05-12 22:13:31 INFO     Contexts were splited into 545 paragraphs, which are 10.283018867924529 paragraphs on average per one report. The overall paragraph average length (characters) is 621.9853211009174
2024-05-12 22:13:39 INFO     datasets are converted to Datset format
Some weights of BertForQuestionAnswering were not initialized from the model checkpoint at ../models/bert-base-cased and are newly initialized: ['qa_outputs.bias', 'qa_outputs.weight']
You should probably TRAIN this model on a down-stream task to be able to use it for predictions and inference.
2024-05-12 22:15:04 INFO     training data are prepared
/home/lanz/.local/lib/python3.10/site-packages/transformers/training_args.py:1463: FutureWarning: `evaluation_strategy` is deprecated and will be removed in version 4.46 of 🤗 Transformers. Use `eval_strategy` instead
  warnings.warn(
2024-05-12 22:37:29 INFO     the model is trained
2024-05-12 22:43:15 INFO     evaluation data are prepared
2024-05-13 00:12:58 INFO     QA scores: {'exact_match': 30.486233409217817, 'f1': 72.68006347681045}
2024-05-13 00:12:58 INFO     PR scores: {'p@1': 0.8414157467462738, 'p@2': 0.9541686353678965, 'p@3': 0.979704480048108}
2024-05-13 00:13:00 INFO     PRQA scores: {'exact_match': 28.441647695545726, 'f1': 66.36802502610465}
{'loss': 1.9732, 'grad_norm': 19.057371139526367, 'learning_rate': 2.6353913466212932e-05, 'epoch': 0.12153621779290229}
{'loss': 1.2641, 'grad_norm': 9.764164924621582, 'learning_rate': 2.2707826932425863e-05, 'epoch': 0.24307243558580457}
{'loss': 1.0228, 'grad_norm': 28.539960861206055, 'learning_rate': 1.9061740398638794e-05, 'epoch': 0.36460865337870685}
{'loss': 0.8422, 'grad_norm': 29.541339874267578, 'learning_rate': 1.541565386485173e-05, 'epoch': 0.48614487117160915}
{'loss': 0.6825, 'grad_norm': 10.661449432373047, 'learning_rate': 1.1769567331064657e-05, 'epoch': 0.6076810889645115}
{'loss': 0.617, 'grad_norm': 3.0612595081329346, 'learning_rate': 8.12348079727759e-06, 'epoch': 0.7292173067574137}
{'loss': 0.5426, 'grad_norm': 23.553667068481445, 'learning_rate': 4.47739426349052e-06, 'epoch': 0.8507535245503159}
{'loss': 0.4832, 'grad_norm': 10.410683631896973, 'learning_rate': 8.313077297034516e-07, 'epoch': 0.9722897423432183}
{'eval_loss': 1.86479651927948, 'eval_runtime': 237.4178, 'eval_samples_per_second': 179.342, 'eval_steps_per_second': 0.703, 'epoch': 1.0}
{'train_runtime': 1344.2306, 'train_samples_per_second': 48.959, 'train_steps_per_second': 3.06, 'train_loss': 0.9158800483966951, 'epoch': 1.0}
Post-processing 534940 example predictions split into 534940 features.
{
    "66": {
        "QA": {
            "exact_match": 30.486233409217817,
            "f1": 72.68006347681045
        },
        "PR": {
            "p@1": 0.8414157467462738,
            "p@2": 0.9541686353678965,
            "p@3": 0.979704480048108
        },
        "PRQA": {
            "exact_match": 28.441647695545726,
            "f1": 66.36802502610465
        }
    }
}
slurmstepd: error: common_file_write_uint32s: write pid 3673482 to /sys/fs/cgroup/cgroup.procs failed: Device or resource busy
slurmstepd: error: Unable to move pid 3673482 to init root cgroup /sys/fs/cgroup
slurmstepd: error: error unlocking cgroup '/sys/fs/cgroup/system.slice/slurmstepd.scope' : Bad file descriptor
